<?xml version="1.0" encoding="UTF-8"?>
<testng-results ignored="0" total="9" passed="7" failed="2" skipped="0">
  <reporter-output>
  </reporter-output>
  <suite started-at="2021-12-15T08:01:37 IST" name="Suite" finished-at="2021-12-15T08:08:52 IST" duration-ms="434404">
    <groups>
    </groups>
    <test started-at="2021-12-15T08:01:37 IST" name="Test" finished-at="2021-12-15T08:08:52 IST" duration-ms="434404">
      <class name="com.testcases.viewOfferTest">
        <test-method is-config="true" signature="reportSetup()[pri:0, instance:com.testcases.viewOfferTest@4738a206]" started-at="2021-12-15T08:01:39 IST" name="reportSetup" finished-at="2021-12-15T08:01:39 IST" duration-ms="1" status="PASS">
          <reporter-output>
          </reporter-output>
        </test-method> <!-- reportSetup -->
        <test-method is-config="true" signature="launchBrowser()[pri:0, instance:com.testcases.viewOfferTest@4738a206]" started-at="2021-12-15T08:03:15 IST" name="launchBrowser" finished-at="2021-12-15T08:03:44 IST" duration-ms="28895" status="PASS">
          <reporter-output>
          </reporter-output>
        </test-method> <!-- launchBrowser -->
        <test-method signature="viewingoffer()[pri:0, instance:com.testcases.viewOfferTest@4738a206]" started-at="2021-12-15T08:03:44 IST" name="viewingoffer" finished-at="2021-12-15T08:04:07 IST" duration-ms="23466" status="FAIL">
          <exception class="java.lang.NullPointerException">
            <full-stacktrace>
              <![CDATA[java.lang.NullPointerException
at com.pages.viewOffer.select(viewOffer.java:36)
at com.testcases.viewOfferTest.viewingoffer(viewOfferTest.java:44)
at java.base/jdk.internal.reflect.NativeMethodAccessorImpl.invoke0(Native Method)
at java.base/jdk.internal.reflect.NativeMethodAccessorImpl.invoke(NativeMethodAccessorImpl.java:62)
at java.base/jdk.internal.reflect.DelegatingMethodAccessorImpl.invoke(DelegatingMethodAccessorImpl.java:43)
at java.base/java.lang.reflect.Method.invoke(Method.java:566)
at org.testng.internal.MethodInvocationHelper.invokeMethod(MethodInvocationHelper.java:133)
at org.testng.internal.TestInvoker.invokeMethod(TestInvoker.java:598)
at org.testng.internal.TestInvoker.invokeTestMethod(TestInvoker.java:173)
at org.testng.internal.MethodRunner.runInSequence(MethodRunner.java:46)
at org.testng.internal.TestInvoker$MethodInvocationAgent.invoke(TestInvoker.java:824)
at org.testng.internal.TestInvoker.invokeTestMethods(TestInvoker.java:146)
at org.testng.internal.TestMethodWorker.invokeTestMethods(TestMethodWorker.java:146)
at org.testng.internal.TestMethodWorker.run(TestMethodWorker.java:128)
at java.base/java.util.ArrayList.forEach(ArrayList.java:1541)
at org.testng.TestRunner.privateRun(TestRunner.java:794)
at org.testng.TestRunner.run(TestRunner.java:596)
at org.testng.SuiteRunner.runTest(SuiteRunner.java:377)
at org.testng.SuiteRunner.runSequentially(SuiteRunner.java:371)
at org.testng.SuiteRunner.privateRun(SuiteRunner.java:332)
at org.testng.SuiteRunner.run(SuiteRunner.java:276)
at org.testng.SuiteRunnerWorker.runSuite(SuiteRunnerWorker.java:53)
at org.testng.SuiteRunnerWorker.run(SuiteRunnerWorker.java:96)
at org.testng.TestNG.runSuitesSequentially(TestNG.java:1212)
at org.testng.TestNG.runSuitesLocally(TestNG.java:1134)
at org.testng.TestNG.runSuites(TestNG.java:1063)
at org.testng.TestNG.run(TestNG.java:1031)
at org.testng.remote.AbstractRemoteTestNG.run(AbstractRemoteTestNG.java:115)
at org.testng.remote.RemoteTestNG.initAndRun(RemoteTestNG.java:251)
at org.testng.remote.RemoteTestNG.main(RemoteTestNG.java:77)
]]>
            </full-stacktrace>
          </exception> <!-- java.lang.NullPointerException -->
          <reporter-output>
          </reporter-output>
        </test-method> <!-- viewingoffer -->
        <test-method is-config="true" signature="closeSetup()[pri:0, instance:com.testcases.viewOfferTest@4738a206]" started-at="2021-12-15T08:04:07 IST" name="closeSetup" finished-at="2021-12-15T08:04:09 IST" duration-ms="1976" status="PASS">
          <reporter-output>
          </reporter-output>
        </test-method> <!-- closeSetup -->
        <test-method is-config="true" signature="closeReportSetup()[pri:0, instance:com.testcases.viewOfferTest@4738a206]" started-at="2021-12-15T08:08:51 IST" name="closeReportSetup" finished-at="2021-12-15T08:08:52 IST" duration-ms="428" status="PASS">
          <reporter-output>
          </reporter-output>
        </test-method> <!-- closeReportSetup -->
      </class> <!-- com.testcases.viewOfferTest -->
      <class name="com.testcases.BuyItemTest">
        <test-method is-config="true" signature="reportSetup()[pri:0, instance:com.testcases.BuyItemTest@618425b5]" started-at="2021-12-15T08:01:37 IST" name="reportSetup" finished-at="2021-12-15T08:01:39 IST" duration-ms="1398" status="PASS">
          <reporter-output>
          </reporter-output>
        </test-method> <!-- reportSetup -->
        <test-method is-config="true" signature="launchBrowser()[pri:0, instance:com.testcases.BuyItemTest@618425b5]" started-at="2021-12-15T08:07:25 IST" name="launchBrowser" finished-at="2021-12-15T08:07:50 IST" duration-ms="24367" status="PASS">
          <reporter-output>
          </reporter-output>
        </test-method> <!-- launchBrowser -->
        <test-method signature="orderItems()[pri:0, instance:com.testcases.BuyItemTest@618425b5]" started-at="2021-12-15T08:07:50 IST" name="orderItems" finished-at="2021-12-15T08:07:50 IST" duration-ms="13" status="PASS">
          <reporter-output>
          </reporter-output>
        </test-method> <!-- orderItems -->
        <test-method is-config="true" signature="closeSetup()[pri:0, instance:com.testcases.BuyItemTest@618425b5]" started-at="2021-12-15T08:07:50 IST" name="closeSetup" finished-at="2021-12-15T08:07:51 IST" duration-ms="1497" status="PASS">
          <reporter-output>
          </reporter-output>
        </test-method> <!-- closeSetup -->
        <test-method is-config="true" signature="closeReportSetup()[pri:0, instance:com.testcases.BuyItemTest@618425b5]" started-at="2021-12-15T08:08:46 IST" name="closeReportSetup" finished-at="2021-12-15T08:08:51 IST" duration-ms="5143" status="PASS">
          <reporter-output>
          </reporter-output>
        </test-method> <!-- closeReportSetup -->
      </class> <!-- com.testcases.BuyItemTest -->
      <class name="com.testcases.searchTest">
        <test-method is-config="true" signature="reportSetup()[pri:0, instance:com.testcases.searchTest@1e04fa0a]" started-at="2021-12-15T08:01:39 IST" name="reportSetup" finished-at="2021-12-15T08:01:39 IST" duration-ms="1" status="PASS">
          <reporter-output>
          </reporter-output>
        </test-method> <!-- reportSetup -->
        <test-method is-config="true" signature="launchBrowser()[pri:0, instance:com.testcases.searchTest@1e04fa0a]" started-at="2021-12-15T08:05:01 IST" name="launchBrowser" finished-at="2021-12-15T08:05:30 IST" duration-ms="29061" status="PASS">
          <reporter-output>
          </reporter-output>
        </test-method> <!-- launchBrowser -->
        <test-method signature="searchFruits()[pri:0, instance:com.testcases.searchTest@1e04fa0a]" started-at="2021-12-15T08:05:30 IST" name="searchFruits" finished-at="2021-12-15T08:05:55 IST" duration-ms="25035" status="PASS">
          <reporter-output>
          </reporter-output>
        </test-method> <!-- searchFruits -->
        <test-method is-config="true" signature="closeSetup()[pri:0, instance:com.testcases.searchTest@1e04fa0a]" started-at="2021-12-15T08:05:55 IST" name="closeSetup" finished-at="2021-12-15T08:05:56 IST" duration-ms="1190" status="PASS">
          <reporter-output>
          </reporter-output>
        </test-method> <!-- closeSetup -->
        <test-method is-config="true" signature="launchBrowser()[pri:0, instance:com.testcases.searchTest@1e04fa0a]" started-at="2021-12-15T08:05:56 IST" name="launchBrowser" finished-at="2021-12-15T08:06:18 IST" duration-ms="22108" status="PASS">
          <reporter-output>
          </reporter-output>
        </test-method> <!-- launchBrowser -->
        <test-method signature="searchOil()[pri:0, instance:com.testcases.searchTest@1e04fa0a]" started-at="2021-12-15T08:06:18 IST" name="searchOil" finished-at="2021-12-15T08:06:42 IST" duration-ms="24102" status="PASS">
          <reporter-output>
          </reporter-output>
        </test-method> <!-- searchOil -->
        <test-method is-config="true" signature="closeSetup()[pri:0, instance:com.testcases.searchTest@1e04fa0a]" started-at="2021-12-15T08:06:42 IST" name="closeSetup" finished-at="2021-12-15T08:06:44 IST" duration-ms="1308" status="PASS">
          <reporter-output>
          </reporter-output>
        </test-method> <!-- closeSetup -->
        <test-method is-config="true" signature="launchBrowser()[pri:0, instance:com.testcases.searchTest@1e04fa0a]" started-at="2021-12-15T08:06:44 IST" name="launchBrowser" finished-at="2021-12-15T08:07:00 IST" duration-ms="16551" status="PASS">
          <reporter-output>
          </reporter-output>
        </test-method> <!-- launchBrowser -->
        <test-method signature="searchVegetables()[pri:0, instance:com.testcases.searchTest@1e04fa0a]" started-at="2021-12-15T08:07:00 IST" name="searchVegetables" finished-at="2021-12-15T08:07:24 IST" duration-ms="23638" status="PASS">
          <reporter-output>
          </reporter-output>
        </test-method> <!-- searchVegetables -->
        <test-method is-config="true" signature="closeSetup()[pri:0, instance:com.testcases.searchTest@1e04fa0a]" started-at="2021-12-15T08:07:24 IST" name="closeSetup" finished-at="2021-12-15T08:07:25 IST" duration-ms="1434" status="PASS">
          <reporter-output>
          </reporter-output>
        </test-method> <!-- closeSetup -->
        <test-method is-config="true" signature="closeReportSetup()[pri:0, instance:com.testcases.searchTest@1e04fa0a]" started-at="2021-12-15T08:08:51 IST" name="closeReportSetup" finished-at="2021-12-15T08:08:51 IST" duration-ms="49" status="PASS">
          <reporter-output>
          </reporter-output>
        </test-method> <!-- closeReportSetup -->
      </class> <!-- com.testcases.searchTest -->
      <class name="com.testcases.loginpageTest">
        <test-method is-config="true" signature="reportSetup()[pri:0, instance:com.testcases.loginpageTest@48f278eb]" started-at="2021-12-15T08:01:39 IST" name="reportSetup" finished-at="2021-12-15T08:01:39 IST" duration-ms="1" status="PASS">
          <reporter-output>
          </reporter-output>
        </test-method> <!-- reportSetup -->
        <test-method is-config="true" signature="launchBrowser()[pri:0, instance:com.testcases.loginpageTest@48f278eb]" started-at="2021-12-15T08:01:39 IST" name="launchBrowser" finished-at="2021-12-15T08:02:17 IST" duration-ms="37767" status="PASS">
          <reporter-output>
          </reporter-output>
        </test-method> <!-- launchBrowser -->
        <test-method signature="loginTest()[pri:0, instance:com.testcases.loginpageTest@48f278eb]" started-at="2021-12-15T08:02:17 IST" name="loginTest" finished-at="2021-12-15T08:02:30 IST" duration-ms="13712" status="PASS">
          <reporter-output>
          </reporter-output>
        </test-method> <!-- loginTest -->
        <test-method is-config="true" signature="closeSetup()[pri:0, instance:com.testcases.loginpageTest@48f278eb]" started-at="2021-12-15T08:02:30 IST" name="closeSetup" finished-at="2021-12-15T08:02:33 IST" duration-ms="2182" status="PASS">
          <reporter-output>
          </reporter-output>
        </test-method> <!-- closeSetup -->
        <test-method is-config="true" signature="launchBrowser()[pri:0, instance:com.testcases.loginpageTest@48f278eb]" started-at="2021-12-15T08:02:33 IST" name="launchBrowser" finished-at="2021-12-15T08:02:58 IST" duration-ms="25337" status="PASS">
          <reporter-output>
          </reporter-output>
        </test-method> <!-- launchBrowser -->
        <test-method signature="titleTest()[pri:0, instance:com.testcases.loginpageTest@48f278eb]" started-at="2021-12-15T08:02:58 IST" name="titleTest" finished-at="2021-12-15T08:03:13 IST" duration-ms="15333" status="PASS">
          <reporter-output>
          </reporter-output>
        </test-method> <!-- titleTest -->
        <test-method is-config="true" signature="closeSetup()[pri:0, instance:com.testcases.loginpageTest@48f278eb]" started-at="2021-12-15T08:03:13 IST" name="closeSetup" finished-at="2021-12-15T08:03:15 IST" duration-ms="1786" status="PASS">
          <reporter-output>
          </reporter-output>
        </test-method> <!-- closeSetup -->
        <test-method is-config="true" signature="closeReportSetup()[pri:0, instance:com.testcases.loginpageTest@48f278eb]" started-at="2021-12-15T08:08:51 IST" name="closeReportSetup" finished-at="2021-12-15T08:08:51 IST" duration-ms="64" status="PASS">
          <reporter-output>
          </reporter-output>
        </test-method> <!-- closeReportSetup -->
      </class> <!-- com.testcases.loginpageTest -->
      <class name="com.testcases.changeLocationTest">
        <test-method is-config="true" signature="reportSetup()[pri:0, instance:com.testcases.changeLocationTest@66d3eec0]" started-at="2021-12-15T08:01:39 IST" name="reportSetup" finished-at="2021-12-15T08:01:39 IST" duration-ms="3" status="PASS">
          <reporter-output>
          </reporter-output>
        </test-method> <!-- reportSetup -->
        <test-method is-config="true" signature="launchBrowser()[pri:0, instance:com.testcases.changeLocationTest@66d3eec0]" started-at="2021-12-15T08:04:09 IST" name="launchBrowser" finished-at="2021-12-15T08:04:33 IST" duration-ms="23106" status="PASS">
          <reporter-output>
          </reporter-output>
        </test-method> <!-- launchBrowser -->
        <test-method signature="changeLocation()[pri:0, instance:com.testcases.changeLocationTest@66d3eec0]" started-at="2021-12-15T08:04:33 IST" name="changeLocation" finished-at="2021-12-15T08:04:50 IST" duration-ms="17113" status="PASS">
          <reporter-output>
          </reporter-output>
        </test-method> <!-- changeLocation -->
        <test-method is-config="true" signature="closeSetup()[pri:0, instance:com.testcases.changeLocationTest@66d3eec0]" started-at="2021-12-15T08:04:50 IST" name="closeSetup" finished-at="2021-12-15T08:05:01 IST" duration-ms="11143" status="PASS">
          <reporter-output>
          </reporter-output>
        </test-method> <!-- closeSetup -->
        <test-method is-config="true" signature="closeReportSetup()[pri:0, instance:com.testcases.changeLocationTest@66d3eec0]" started-at="2021-12-15T08:08:51 IST" name="closeReportSetup" finished-at="2021-12-15T08:08:51 IST" duration-ms="156" status="PASS">
          <reporter-output>
          </reporter-output>
        </test-method> <!-- closeReportSetup -->
      </class> <!-- com.testcases.changeLocationTest -->
      <class name="com.testcases.dealsOfWeekTest">
        <test-method is-config="true" signature="reportSetup()[pri:0, instance:com.testcases.dealsOfWeekTest@58695725]" started-at="2021-12-15T08:01:39 IST" name="reportSetup" finished-at="2021-12-15T08:01:39 IST" duration-ms="1" status="PASS">
          <reporter-output>
          </reporter-output>
        </test-method> <!-- reportSetup -->
        <test-method is-config="true" signature="launchBrowser()[pri:0, instance:com.testcases.dealsOfWeekTest@58695725]" started-at="2021-12-15T08:07:51 IST" name="launchBrowser" finished-at="2021-12-15T08:08:15 IST" duration-ms="24119" status="PASS">
          <reporter-output>
          </reporter-output>
        </test-method> <!-- launchBrowser -->
        <test-method signature="popularity()[pri:0, instance:com.testcases.dealsOfWeekTest@58695725]" started-at="2021-12-15T08:08:15 IST" name="popularity" finished-at="2021-12-15T08:08:45 IST" duration-ms="29392" status="FAIL">
          <exception class="org.openqa.selenium.NoSuchElementException">
            <message>
              <![CDATA[no such element: Unable to locate element: {"method":"xpath","selector":"//options[text()='Price - Low to High']"}
  (Session info: chrome=96.0.4664.93)
For documentation on this error, please visit: https://www.seleniumhq.org/exceptions/no_such_element.html
Build info: version: '3.141.59', revision: 'e82be7d358', time: '2018-11-14T08:17:03'
System info: host: 'DESKTOP-SJ7E9CF', ip: '192.168.43.16', os.name: 'Windows 10', os.arch: 'amd64', os.version: '10.0', java.version: '11.0.12'
Driver info: org.openqa.selenium.chrome.ChromeDriver
Capabilities {acceptInsecureCerts: false, browserName: chrome, browserVersion: 96.0.4664.93, chrome: {chromedriverVersion: 96.0.4664.45 (76e4c1bb2ab46..., userDataDir: C:\Users\Lenovo\AppData\Loc...}, goog:chromeOptions: {debuggerAddress: localhost:50782}, javascriptEnabled: true, networkConnectionEnabled: false, pageLoadStrategy: normal, platform: WINDOWS, platformName: WINDOWS, proxy: Proxy(), setWindowRect: true, strictFileInteractability: false, timeouts: {implicit: 0, pageLoad: 300000, script: 30000}, unhandledPromptBehavior: dismiss and notify, webauthn:extension:credBlob: true, webauthn:extension:largeBlob: true, webauthn:virtualAuthenticators: true}
Session ID: 1f1a40e2925d2ba9293168655a484144
*** Element info: {Using=xpath, value=//options[text()='Price - Low to High']}]]>
            </message>
            <full-stacktrace>
              <![CDATA[org.openqa.selenium.NoSuchElementException: no such element: Unable to locate element: {"method":"xpath","selector":"//options[text()='Price - Low to High']"}
  (Session info: chrome=96.0.4664.93)
For documentation on this error, please visit: https://www.seleniumhq.org/exceptions/no_such_element.html
Build info: version: '3.141.59', revision: 'e82be7d358', time: '2018-11-14T08:17:03'
System info: host: 'DESKTOP-SJ7E9CF', ip: '192.168.43.16', os.name: 'Windows 10', os.arch: 'amd64', os.version: '10.0', java.version: '11.0.12'
Driver info: org.openqa.selenium.chrome.ChromeDriver
Capabilities {acceptInsecureCerts: false, browserName: chrome, browserVersion: 96.0.4664.93, chrome: {chromedriverVersion: 96.0.4664.45 (76e4c1bb2ab46..., userDataDir: C:\Users\Lenovo\AppData\Loc...}, goog:chromeOptions: {debuggerAddress: localhost:50782}, javascriptEnabled: true, networkConnectionEnabled: false, pageLoadStrategy: normal, platform: WINDOWS, platformName: WINDOWS, proxy: Proxy(), setWindowRect: true, strictFileInteractability: false, timeouts: {implicit: 0, pageLoad: 300000, script: 30000}, unhandledPromptBehavior: dismiss and notify, webauthn:extension:credBlob: true, webauthn:extension:largeBlob: true, webauthn:virtualAuthenticators: true}
Session ID: 1f1a40e2925d2ba9293168655a484144
*** Element info: {Using=xpath, value=//options[text()='Price - Low to High']}
at java.base/jdk.internal.reflect.NativeConstructorAccessorImpl.newInstance0(Native Method)
at java.base/jdk.internal.reflect.NativeConstructorAccessorImpl.newInstance(NativeConstructorAccessorImpl.java:62)
at java.base/jdk.internal.reflect.DelegatingConstructorAccessorImpl.newInstance(DelegatingConstructorAccessorImpl.java:45)
at java.base/java.lang.reflect.Constructor.newInstance(Constructor.java:490)
at org.openqa.selenium.remote.http.W3CHttpResponseCodec.createException(W3CHttpResponseCodec.java:187)
at org.openqa.selenium.remote.http.W3CHttpResponseCodec.decode(W3CHttpResponseCodec.java:122)
at org.openqa.selenium.remote.http.W3CHttpResponseCodec.decode(W3CHttpResponseCodec.java:49)
at org.openqa.selenium.remote.HttpCommandExecutor.execute(HttpCommandExecutor.java:158)
at org.openqa.selenium.remote.service.DriverCommandExecutor.execute(DriverCommandExecutor.java:83)
at org.openqa.selenium.remote.RemoteWebDriver.execute(RemoteWebDriver.java:552)
at org.openqa.selenium.remote.RemoteWebDriver.findElement(RemoteWebDriver.java:323)
at org.openqa.selenium.remote.RemoteWebDriver.findElementByXPath(RemoteWebDriver.java:428)
at org.openqa.selenium.By$ByXPath.findElement(By.java:353)
at org.openqa.selenium.remote.RemoteWebDriver.findElement(RemoteWebDriver.java:315)
at org.openqa.selenium.support.pagefactory.DefaultElementLocator.findElement(DefaultElementLocator.java:69)
at org.openqa.selenium.support.pagefactory.internal.LocatingElementHandler.invoke(LocatingElementHandler.java:38)
at com.sun.proxy.$Proxy15.click(Unknown Source)
at com.pages.dealsOfWeek.popularity(dealsOfWeek.java:38)
at com.testcases.dealsOfWeekTest.popularity(dealsOfWeekTest.java:45)
at java.base/jdk.internal.reflect.NativeMethodAccessorImpl.invoke0(Native Method)
at java.base/jdk.internal.reflect.NativeMethodAccessorImpl.invoke(NativeMethodAccessorImpl.java:62)
at java.base/jdk.internal.reflect.DelegatingMethodAccessorImpl.invoke(DelegatingMethodAccessorImpl.java:43)
at java.base/java.lang.reflect.Method.invoke(Method.java:566)
at org.testng.internal.MethodInvocationHelper.invokeMethod(MethodInvocationHelper.java:133)
at org.testng.internal.TestInvoker.invokeMethod(TestInvoker.java:598)
at org.testng.internal.TestInvoker.invokeTestMethod(TestInvoker.java:173)
at org.testng.internal.MethodRunner.runInSequence(MethodRunner.java:46)
at org.testng.internal.TestInvoker$MethodInvocationAgent.invoke(TestInvoker.java:824)
at org.testng.internal.TestInvoker.invokeTestMethods(TestInvoker.java:146)
at org.testng.internal.TestMethodWorker.invokeTestMethods(TestMethodWorker.java:146)
at org.testng.internal.TestMethodWorker.run(TestMethodWorker.java:128)
at java.base/java.util.ArrayList.forEach(ArrayList.java:1541)
at org.testng.TestRunner.privateRun(TestRunner.java:794)
at org.testng.TestRunner.run(TestRunner.java:596)
at org.testng.SuiteRunner.runTest(SuiteRunner.java:377)
at org.testng.SuiteRunner.runSequentially(SuiteRunner.java:371)
at org.testng.SuiteRunner.privateRun(SuiteRunner.java:332)
at org.testng.SuiteRunner.run(SuiteRunner.java:276)
at org.testng.SuiteRunnerWorker.runSuite(SuiteRunnerWorker.java:53)
at org.testng.SuiteRunnerWorker.run(SuiteRunnerWorker.java:96)
at org.testng.TestNG.runSuitesSequentially(TestNG.java:1212)
at org.testng.TestNG.runSuitesLocally(TestNG.java:1134)
at org.testng.TestNG.runSuites(TestNG.java:1063)
at org.testng.TestNG.run(TestNG.java:1031)
at org.testng.remote.AbstractRemoteTestNG.run(AbstractRemoteTestNG.java:115)
at org.testng.remote.RemoteTestNG.initAndRun(RemoteTestNG.java:251)
at org.testng.remote.RemoteTestNG.main(RemoteTestNG.java:77)
]]>
            </full-stacktrace>
          </exception> <!-- org.openqa.selenium.NoSuchElementException -->
          <reporter-output>
          </reporter-output>
        </test-method> <!-- popularity -->
        <test-method is-config="true" signature="closeSetup()[pri:0, instance:com.testcases.dealsOfWeekTest@58695725]" started-at="2021-12-15T08:08:45 IST" name="closeSetup" finished-at="2021-12-15T08:08:46 IST" duration-ms="1202" status="PASS">
          <reporter-output>
          </reporter-output>
        </test-method> <!-- closeSetup -->
        <test-method is-config="true" signature="closeReportSetup()[pri:0, instance:com.testcases.dealsOfWeekTest@58695725]" started-at="2021-12-15T08:08:51 IST" name="closeReportSetup" finished-at="2021-12-15T08:08:51 IST" duration-ms="49" status="PASS">
          <reporter-output>
          </reporter-output>
        </test-method> <!-- closeReportSetup -->
      </class> <!-- com.testcases.dealsOfWeekTest -->
    </test> <!-- Test -->
  </suite> <!-- Suite -->
</testng-results>
